[0mGET / [36m304[0m 99.717 ms - -[0m
[0mGET /css/layout.css [33m404[0m 4.821 ms - 153[0m
[0mGET /js/toggle_likes.js [33m404[0m 12.838 ms - 157[0m
[0mGET /js/home_posts.js [33m404[0m 12.036 ms - 155[0m
[0mGET /js/chat_engine.js [33m404[0m 18.457 ms - 156[0m
[0mGET /css/footer.css [33m404[0m 16.937 ms - 153[0m
[0mGET /css/home.css [33m404[0m 16.322 ms - 151[0m
[0mGET /css/header.css [33m404[0m 19.723 ms - 153[0m
[0mGET /css/chat_box.css [33m404[0m 8.549 ms - 155[0m
[0mGET /js/home_post_comments.js [33m404[0m 8.324 ms - 163[0m
[0mGET /css/layout.css [33m404[0m 3.113 ms - 153[0m
[0mGET /css/footer.css [33m404[0m 2.126 ms - 153[0m
[0mGET /css/layout.css [33m404[0m 5.672 ms - 153[0m
[0mGET /css/header.css [33m404[0m 2.363 ms - 153[0m
[0mGET /css/home.css [33m404[0m 1.592 ms - 151[0m
[0mGET /css/chat_box.css [33m404[0m 3.363 ms - 155[0m
[0mGET /js/toggle_likes.js [33m404[0m 4.463 ms - 157[0m
[0mGET /js/home_post_comments.js [33m404[0m 1.343 ms - 163[0m
[0mGET /js/chat_engine.js [33m404[0m 1.577 ms - 156[0m
[0mGET /js/home_posts.js [33m404[0m 1.395 ms - 155[0m
[0mGET /css/footer.css [33m404[0m 3.218 ms - 153[0m
[0mGET /css/home.css [33m404[0m 20.961 ms - 151[0m
[0mGET / [36m304[0m 108.354 ms - -[0m
[0mGET /css/layout.css [33m404[0m 11.801 ms - 153[0m
[0mGET /css/footer.css [33m404[0m 25.639 ms - 153[0m
[0mGET /css/home.css [33m404[0m 23.094 ms - 151[0m
[0mGET /css/chat_box.css [33m404[0m 22.589 ms - 155[0m
[0mGET /css/header.css [33m404[0m 22.777 ms - 153[0m
[0mGET /js/home_post_comments.js [33m404[0m 24.302 ms - 163[0m
[0mGET /js/chat_engine.js [33m404[0m 24.340 ms - 156[0m
[0mGET /js/home_posts.js [33m404[0m 50.351 ms - 155[0m
[0mGET /js/toggle_likes.js [33m404[0m 41.464 ms - 157[0m
[0mGET /css/layout.css [33m404[0m 10.753 ms - 153[0m
[0mGET /css/header.css [33m404[0m 19.267 ms - 153[0m
[0mGET /css/footer.css [33m404[0m 20.528 ms - 153[0m
[0mGET /css/home.css [33m404[0m 24.349 ms - 151[0m
[0mGET /css/chat_box.css [33m404[0m 29.911 ms - 155[0m
[0mGET / [36m304[0m 90.780 ms - -[0m
[0mGET /css/header.css [33m404[0m 35.445 ms - 153[0m
[0mGET /css/footer.css [33m404[0m 20.712 ms - 153[0m
[0mGET /css/home.css [33m404[0m 37.890 ms - 151[0m
[0mGET /css/chat_box.css [33m404[0m 42.693 ms - 155[0m
[0mGET /css/layout.css [33m404[0m 23.358 ms - 153[0m
[0mGET /js/home_post_comments.js [33m404[0m 28.945 ms - 163[0m
[0mGET /js/home_posts.js [33m404[0m 14.512 ms - 155[0m
[0mGET /js/toggle_likes.js [33m404[0m 11.217 ms - 157[0m
[0mGET /js/chat_engine.js [33m404[0m 20.973 ms - 156[0m
[0mGET / [36m304[0m 66.751 ms - -[0m
[0mGET /js/home_posts.js [33m404[0m 10.898 ms - 155[0m
[0mGET /js/toggle_likes.js [33m404[0m 10.003 ms - 157[0m
[0mGET /css/header.css [33m404[0m 15.997 ms - 153[0m
[0mGET /css/home.css [33m404[0m 15.990 ms - 151[0m
[0mGET /css/layout.css [33m404[0m 16.058 ms - 153[0m
[0mGET /css/footer.css [33m404[0m 32.782 ms - 153[0m
[0mGET /css/chat_box.css [33m404[0m 12.451 ms - 155[0m
[0mGET /js/home_post_comments.js [33m404[0m 15.041 ms - 163[0m
[0mGET /js/chat_engine.js [33m404[0m 18.389 ms - 156[0m
[0mGET / [36m304[0m 45.119 ms - -[0m
[0mGET /css/chat_box.css [33m404[0m 10.618 ms - 155[0m
[0mGET /css/header.css [33m404[0m 13.804 ms - 153[0m
[0mGET /css/footer.css [33m404[0m 13.696 ms - 153[0m
[0mGET /css/layout.css [33m404[0m 18.798 ms - 153[0m
[0mGET /css/home.css [33m404[0m 20.788 ms - 151[0m
[0mGET /js/home_post_comments.js [33m404[0m 7.454 ms - 163[0m
[0mGET /js/home_posts.js [33m404[0m 10.625 ms - 155[0m
[0mGET /js/toggle_likes.js [33m404[0m 9.712 ms - 157[0m
[0mGET /js/chat_engine.js [33m404[0m 9.710 ms - 156[0m
[0mGET / [36m304[0m 45.175 ms - -[0m
[0mGET /css/footer.css [33m404[0m 14.675 ms - 153[0m
[0mGET /css/header.css [33m404[0m 15.377 ms - 153[0m
[0mGET /css/home.css [33m404[0m 14.656 ms - 151[0m
[0mGET /css/layout.css [33m404[0m 15.580 ms - 153[0m
[0mGET /css/chat_box.css [33m404[0m 16.256 ms - 155[0m
[0mGET /js/home_post_comments.js [33m404[0m 14.246 ms - 163[0m
[0mGET /js/home_posts.js [33m404[0m 19.898 ms - 155[0m
[0mGET /js/toggle_likes.js [33m404[0m 12.901 ms - 157[0m
[0mGET /js/chat_engine.js [33m404[0m 22.959 ms - 156[0m
[0mGET /css/layout.css [33m404[0m 3.058 ms - 153[0m
[0mGET / [36m304[0m 56.908 ms - -[0m
[0mGET /css/layout.css [33m404[0m 5.680 ms - 153[0m
[0mGET /css/header.css [33m404[0m 16.451 ms - 153[0m
[0mGET /css/footer.css [33m404[0m 14.819 ms - 153[0m
[0mGET /css/home.css [33m404[0m 13.718 ms - 151[0m
[0mGET /css/chat_box.css [33m404[0m 12.071 ms - 155[0m
[0mGET /js/home_post_comments.js [33m404[0m 16.410 ms - 163[0m
[0mGET /js/home_posts.js [33m404[0m 10.042 ms - 155[0m
[0mGET /js/toggle_likes.js [33m404[0m 9.227 ms - 157[0m
[0mGET /js/chat_engine.js [33m404[0m 8.704 ms - 156[0m
[0mGET /css/layout.css [33m404[0m 3.480 ms - 153[0m
[0mGET / [36m304[0m 51.169 ms - -[0m
[0mGET /css/footer.css [33m404[0m 17.373 ms - 153[0m
[0mGET /css/header.css [33m404[0m 12.337 ms - 153[0m
[0mGET /css/layout.css [33m404[0m 12.404 ms - 153[0m
[0mGET /css/chat_box.css [33m404[0m 8.585 ms - 155[0m
[0mGET /js/home_post_comments.js [33m404[0m 10.780 ms - 163[0m
[0mGET /css/home.css [33m404[0m 22.297 ms - 151[0m
[0mGET /js/toggle_likes.js [33m404[0m 11.096 ms - 157[0m
[0mGET /js/home_posts.js [33m404[0m 15.130 ms - 155[0m
[0mGET /js/chat_engine.js [33m404[0m 8.231 ms - 156[0m
[0mGET / [36m304[0m 56.805 ms - -[0m
[0mGET /css/layout.css [33m404[0m 16.921 ms - 153[0m
[0mGET /css/header.css [33m404[0m 14.655 ms - 153[0m
[0mGET /css/footer.css [33m404[0m 11.106 ms - 153[0m
[0mGET /css/home.css [33m404[0m 14.651 ms - 151[0m
[0mGET /css/chat_box.css [33m404[0m 18.289 ms - 155[0m
[0mGET /js/home_post_comments.js [33m404[0m 17.729 ms - 163[0m
[0mGET /js/chat_engine.js [33m404[0m 8.975 ms - 156[0m
[0mGET /js/home_posts.js [33m404[0m 22.996 ms - 155[0m
[0mGET /js/toggle_likes.js [33m404[0m 13.319 ms - 157[0m
[0mGET /css/layout.css [33m404[0m 6.584 ms - 153[0m
