<<<<<<< HEAD
::1 - - [21/Apr/2023:19:41:12 +0000] "GET / HTTP/1.1" 200 23050 "http://localhost:8000/" "Mozilla/5.0 (Windows NT 10.0; Win64; x64) AppleWebKit/537.36 (KHTML, like Gecko) Chrome/112.0.0.0 Safari/537.36"
::1 - - [21/Apr/2023:19:41:15 +0000] "GET /users/sign-in HTTP/1.1" 200 4654 "http://localhost:8000/" "Mozilla/5.0 (Windows NT 10.0; Win64; x64) AppleWebKit/537.36 (KHTML, like Gecko) Chrome/112.0.0.0 Safari/537.36"
[0mGET /users/sign-in [32m200[0m 12.960 ms - 4618[0m
[0mGET /users/css/layout.css [33m404[0m 15.582 ms - 159[0m
[0mGET /users/css/header.css [33m404[0m 15.904 ms - 159[0m
[0mGET /users/css/footer.css [33m404[0m 17.597 ms - 159[0m
[0mGET /users/sign-in [36m304[0m 17.098 ms - -[0m
[0mGET /users/css/header.css [33m404[0m 9.715 ms - 159[0m
[0mGET /users/css/layout.css [33m404[0m 11.018 ms - 159[0m
[0mGET /users/css/footer.css [33m404[0m 14.123 ms - 159[0m
[0mGET /users/auth/google [36m302[0m 3.299 ms - 0[0m
[0mGET / [32m200[0m 164.803 ms - 17019[0m
[0mGET /favicon.ico [33m404[0m 7.069 ms - 150[0m
[0mGET /users/sign-in [32m200[0m 16.791 ms - 4618[0m
[0mGET /users/css/layout.css [33m404[0m 17.788 ms - 159[0m
[0mGET /users/css/header.css [33m404[0m 13.340 ms - 159[0m
[0mGET /users/css/footer.css [33m404[0m 22.607 ms - 159[0m
=======
[0mGET / [32m200[0m 155.118 ms - 15364[0m
[0mGET /favicon.ico [33m404[0m 9.625 ms - 150[0m
[0mGET /users/sign-in [32m200[0m 11.216 ms - 2228[0m
[0mGET /users/css/header.css [33m404[0m 7.300 ms - 159[0m
[0mGET /users/css/layout.css [33m404[0m 161.531 ms - 159[0m
[0mGET /users/css/footer.css [33m404[0m 164.062 ms - 159[0m
[0mGET /users/auth/google [36m302[0m 6.419 ms - 0[0m
[0mGET /users/auth/google [36m302[0m 4.553 ms - 0[0m
[0mGET /users/css/layout.css [33m404[0m 9.509 ms - 159[0m
[0mGET /users/css/header.css [33m404[0m 13.137 ms - 159[0m
[0mGET /users/css/footer.css [33m404[0m 13.970 ms - 159[0m
[0mGET /users/css/layout.css [33m404[0m 8.314 ms - 159[0m
[0mGET /users/sign-in [36m304[0m 33.500 ms - -[0m
[0mGET /users/css/header.css [33m404[0m 22.546 ms - 159[0m
[0mGET /users/css/layout.css [33m404[0m 17.206 ms - 159[0m
[0mGET /users/css/footer.css [33m404[0m 37.355 ms - 159[0m
[0mGET /users/css/layout.css [33m404[0m 8.638 ms - 159[0m
[0mGET /users/css/header.css [33m404[0m 13.241 ms - 159[0m
[0mGET /users/sign-in [36m304[0m 7.446 ms - -[0m
[0mGET /users/css/layout.css [33m404[0m 11.603 ms - 159[0m
[0mGET /users/css/header.css [33m404[0m 10.200 ms - 159[0m
[0mGET /users/css/footer.css [33m404[0m 12.210 ms - 159[0m
[0mGET /users/css/layout.css [33m404[0m 2.785 ms - 159[0m
[0mGET /users/sign-in [36m304[0m 11.274 ms - -[0m
[0mGET /users/css/layout.css [33m404[0m 8.479 ms - 159[0m
[0mGET /users/css/header.css [33m404[0m 11.852 ms - 159[0m
[0mGET /users/css/footer.css [33m404[0m 10.769 ms - 159[0m
[0mGET /users/css/layout.css [33m404[0m 2.270 ms - 159[0m
[0mGET /users/auth/google [36m302[0m 7.639 ms - 0[0m
[0mGET / [36m304[0m 117.791 ms - -[0m
[0mGET /users/sign-in [36m304[0m 7.223 ms - -[0m
[0mGET /users/css/layout.css [33m404[0m 11.913 ms - 159[0m
[0mGET /users/css/header.css [33m404[0m 12.815 ms - 159[0m
[0mGET /users/css/footer.css [33m404[0m 7.151 ms - 159[0m
[0mGET /users/auth/google [36m302[0m 7.119 ms - 0[0m
[0mGET / [36m304[0m 57.580 ms - -[0m
::1 - - [22/Apr/2023:09:53:45 +0000] "GET / HTTP/1.1" 200 21255 "http://localhost:8000/users/sign-in" "Mozilla/5.0 (Windows NT 10.0; Win64; x64) AppleWebKit/537.36 (KHTML, like Gecko) Chrome/112.0.0.0 Safari/537.36"
::1 - - [22/Apr/2023:09:53:55 +0000] "GET /users/sign-in HTTP/1.1" 200 2264 "http://localhost:8000/" "Mozilla/5.0 (Windows NT 10.0; Win64; x64) AppleWebKit/537.36 (KHTML, like Gecko) Chrome/112.0.0.0 Safari/537.36"
::1 - - [22/Apr/2023:09:53:58 +0000] "GET /users/auth/google HTTP/1.1" 302 0 "http://localhost:8000/users/sign-in" "Mozilla/5.0 (Windows NT 10.0; Win64; x64) AppleWebKit/537.36 (KHTML, like Gecko) Chrome/112.0.0.0 Safari/537.36"
::1 - - [22/Apr/2023:09:54:02 +0000] "GET /users/auth/google/callback?code=4%2F0AVHEtk7-9kjM225tL2j42AfGHy1oerV_cLEZE2gbnOp5Ui7BWP6mS3-01anBAIwOTz6nCA&scope=email+profile+https%3A%2F%2Fwww.googleapis.com%2Fauth%2Fuserinfo.profile+https%3A%2F%2Fwww.googleapis.com%2Fauth%2Fuserinfo.email+openid&authuser=3&prompt=consent HTTP/1.1" 302 46 "-" "Mozilla/5.0 (Windows NT 10.0; Win64; x64) AppleWebKit/537.36 (KHTML, like Gecko) Chrome/112.0.0.0 Safari/537.36"
::1 - - [22/Apr/2023:09:54:02 +0000] "GET / HTTP/1.1" 200 28226 "-" "Mozilla/5.0 (Windows NT 10.0; Win64; x64) AppleWebKit/537.36 (KHTML, like Gecko) Chrome/112.0.0.0 Safari/537.36"
::1 - - [22/Apr/2023:09:54:09 +0000] "GET /users/sign-out HTTP/1.1" 302 72 "http://localhost:8000/" "Mozilla/5.0 (Windows NT 10.0; Win64; x64) AppleWebKit/537.36 (KHTML, like Gecko) Chrome/112.0.0.0 Safari/537.36"
::1 - - [22/Apr/2023:09:54:09 +0000] "GET /users/sign-in HTTP/1.1" 200 2562 "http://localhost:8000/" "Mozilla/5.0 (Windows NT 10.0; Win64; x64) AppleWebKit/537.36 (KHTML, like Gecko) Chrome/112.0.0.0 Safari/537.36"
::1 - - [22/Apr/2023:09:54:30 +0000] "GET /users/sign-up HTTP/1.1" 200 2429 "http://localhost:8000/users/sign-in" "Mozilla/5.0 (Windows NT 10.0; Win64; x64) AppleWebKit/537.36 (KHTML, like Gecko) Chrome/112.0.0.0 Safari/537.36"
::1 - - [22/Apr/2023:09:54:34 +0000] "GET /users/auth/google HTTP/1.1" 302 0 "http://localhost:8000/users/sign-up" "Mozilla/5.0 (Windows NT 10.0; Win64; x64) AppleWebKit/537.36 (KHTML, like Gecko) Chrome/112.0.0.0 Safari/537.36"
[0mGET /users/sign-in [32m200[0m 12.352 ms - 2228[0m
[0mGET /users/css/layout.css [33m404[0m 18.936 ms - 159[0m
[0mGET /users/css/header.css [33m404[0m 30.997 ms - 159[0m
[0mGET /users/css/footer.css [33m404[0m 31.869 ms - 159[0m
[0mGET /users/auth/google [36m302[0m 10.742 ms - 0[0m
[0mGET /users/sign-in [36m304[0m 15.065 ms - -[0m
[0mGET /users/css/layout.css [33m404[0m 8.921 ms - 159[0m
[0mGET /users/css/header.css [33m404[0m 9.909 ms - 159[0m
[0mGET /users/css/footer.css [33m404[0m 11.640 ms - 159[0m
[0mGET /users/sign-in [36m304[0m 20.178 ms - -[0m
[0mGET /users/css/layout.css [33m404[0m 11.179 ms - 159[0m
[0mGET /users/css/header.css [33m404[0m 27.919 ms - 159[0m
[0mGET /users/css/footer.css [33m404[0m 29.540 ms - 159[0m
[0mGET /users/sign-in [36m304[0m 10.253 ms - -[0m
[0mGET /users/css/layout.css [33m404[0m 6.777 ms - 159[0m
[0mGET /users/css/header.css [33m404[0m 6.860 ms - 159[0m
[0mGET /users/css/footer.css [33m404[0m 10.483 ms - 159[0m
[0mGET /users/css/layout.css [33m404[0m 4.125 ms - 159[0m
[0mPOST /users/create-session [36m302[0m 31.198 ms - 72[0m
[0mGET /users/sign-in [32m200[0m 8.740 ms - 2529[0m
[0mGET /users/css/layout.css [33m404[0m 9.873 ms - 159[0m
[0mGET /users/css/header.css [33m404[0m 7.042 ms - 159[0m
[0mGET /users/css/footer.css [33m404[0m 10.477 ms - 159[0m
[0mPOST /users/create-session [36m302[0m 15.084 ms - 46[0m
[0mGET / [32m200[0m 85.739 ms - 22563[0m
[0mGET /users/profile/641f1eb8d9a7015731082a46 [32m200[0m 29.657 ms - 2593[0m
[0mGET /users/profile/css/layout.css [33m404[0m 17.313 ms - 167[0m
[0mGET /users/profile/css/user_profile.css [33m404[0m 17.016 ms - 173[0m
[0mGET /users/profile/css/header.css [33m404[0m 20.185 ms - 167[0m
[0mGET /users/profile/css/footer.css [33m404[0m 20.145 ms - 167[0m
[0mPOST /users/update/641f1eb8d9a7015731082a46 [36m302[0m 25.225 ms - 164[0m
[0mGET /users/profile/641f1eb8d9a7015731082a46 [36m304[0m 12.379 ms - -[0m
[0mGET /users/profile/css/layout.css [33m404[0m 26.365 ms - 167[0m
[0mGET /users/profile/css/header.css [33m404[0m 29.794 ms - 167[0m
[0mGET /users/profile/css/footer.css [33m404[0m 31.327 ms - 167[0m
[0mGET /users/profile/css/user_profile.css [33m404[0m 31.655 ms - 173[0m
[0mPOST /users/update/641f1eb8d9a7015731082a46 [36m302[0m 23.166 ms - 164[0m
[0mGET /users/profile/641f1eb8d9a7015731082a46 [32m200[0m 13.843 ms - 2636[0m
[0mGET /users/profile/css/layout.css [33m404[0m 23.566 ms - 167[0m
[0mGET /users/profile/css/header.css [33m404[0m 26.490 ms - 167[0m
[0mGET /users/profile/css/footer.css [33m404[0m 27.015 ms - 167[0m
[0mGET /users/profile/css/user_profile.css [33m404[0m 36.837 ms - 173[0m
[0mGET /users/profile/641f1eb8d9a7015731082a46 [36m304[0m 15.332 ms - -[0m
[0mGET /users/profile/css/layout.css [33m404[0m 18.416 ms - 167[0m
[0mGET /users/profile/css/header.css [33m404[0m 17.900 ms - 167[0m
[0mGET /users/profile/css/footer.css [33m404[0m 20.566 ms - 167[0m
[0mGET /users/profile/css/user_profile.css [33m404[0m 21.642 ms - 173[0m
[0mGET / [32m200[0m 79.858 ms - 22262[0m
[0mGET /users/sign-out [36m302[0m 40.584 ms - 72[0m
[0mGET /users/sign-in [32m200[0m 10.014 ms - 2526[0m
[0mGET /users/css/layout.css [33m404[0m 8.963 ms - 159[0m
[0mGET /users/css/footer.css [33m404[0m 5.237 ms - 159[0m
[0mGET /users/css/header.css [33m404[0m 14.239 ms - 159[0m
[0mGET /users/auth/google [36m302[0m 8.021 ms - 0[0m
[0mGET /users/auth/google/callback?code=4%2F0AVHEtk6Y7fle10MFt4ac7NS8-xMQ2aXjczvJMuTuDflUbFao382FVibEAMETQxUXhmmSNQ&scope=email+profile+https%3A%2F%2Fwww.googleapis.com%2Fauth%2Fuserinfo.profile+https%3A%2F%2Fwww.googleapis.com%2Fauth%2Fuserinfo.email+openid&authuser=3&prompt=consent [36m302[0m 674.500 ms - 46[0m
[0mGET / [32m200[0m 59.933 ms - 22409[0m
[0mGET /users/sign-out [36m302[0m 28.216 ms - 72[0m
[0mGET /users/sign-in [36m304[0m 8.867 ms - -[0m
[0mGET /users/css/layout.css [33m404[0m 7.865 ms - 159[0m
[0mGET /users/css/footer.css [33m404[0m 6.826 ms - 159[0m
[0mGET /users/css/header.css [33m404[0m 13.212 ms - 159[0m
[0mGET /users/sign-up [32m200[0m 8.705 ms - 2393[0m
[0mGET /users/css/layout.css [33m404[0m 8.277 ms - 159[0m
[0mGET /users/css/header.css [33m404[0m 10.258 ms - 159[0m
[0mGET /users/css/footer.css [33m404[0m 6.623 ms - 159[0m
[0mGET /users/auth/google [36m302[0m 5.663 ms - 0[0m
[0mGET / [32m200[0m 61.726 ms - 15510[0m
>>>>>>> 8beee2a23aaf8dd0466540d812de3fcf0a7468e1
